<?xml version="1.0" encoding="utf-8"?><testsuites><testsuite name="pytest" errors="0" failures="0" skipped="0" tests="4" time="36.546" timestamp="2025-03-24T11:09:17.683488+05:30" hostname="Rashmis-MacBook-Air.local"><testcase classname="tests.test_api" name="test_upload_and_query" time="22.498" /><testcase classname="tests.test_embedding" name="test_faiss_embedding_creation" time="8.528" /><testcase classname="tests.test_ingestion" name="test_load_pdf_and_split_chunks" time="0.302" /><testcase classname="tests.test_rag_chain" name="test_qa_chain" time="4.459" /></testsuite></testsuites>